2024-03-07T22:03:08.601Z [info]: Incoming POST : /users/register
2024-03-07T22:03:47.241Z [info]: Incoming POST : /users/login
2024-03-07T22:03:52.230Z [info]: Incoming POST : /users/register
2024-03-07T22:04:01.701Z [info]: Incoming POST : /users/login
2024-03-07T22:04:19.715Z [info]: Incoming POST : /users/050500
2024-03-07T22:04:51.094Z [info]: Incoming POST : /users/050500
2024-03-07T22:04:57.685Z [info]: Incoming POST : /users/login
2024-03-07T22:05:56.975Z [info]: Incoming POST : /users/login
2024-03-07T22:06:00.414Z [info]: Incoming POST : /users/050500
2024-03-07T22:07:04.248Z [info]: Incoming POST : /users/050500
2024-03-07T22:07:37.698Z [info]: Incoming GET : /users/050500
2024-03-07T22:08:01.145Z [info]: Incoming GET : /users/050500
2024-03-07T22:09:24.685Z [info]: Incoming GET : /users/050500
2024-03-07T22:10:17.048Z [info]: Incoming GET : /users/050500
2024-03-07T22:10:40.762Z [info]: Incoming GET : /users/050500
2024-03-07T22:13:15.355Z [info]: Incoming GET : /users/050500
2024-03-07T22:13:21.334Z [info]: Incoming POST : /users/login
2024-03-07T22:13:23.736Z [info]: Incoming POST : /users/register
2024-03-07T22:16:25.451Z [info]: Incoming POST : /users/register
2024-03-07T22:16:33.718Z [info]: Incoming GET : /users/050500/customization
